[INFO ]2025-09-02 15:03:31 - The database connection pool initialization is complete.
[INFO ]2025-09-02 15:03:31 - The thread pool initialization is complete.
[INFO ]2025-09-02 15:03:31 - Start event loop...
[INFO ]2025-09-02 15:04:01 - The new conneciton 127.0.0.1:46308.
[DEBUG]2025-09-02 15:04:01 - Got request from <127.0.0.1:46308:null>
[INFO ]2025-09-02 15:04:01 - Started processing login requests from user <127.0.0.1:46308:null>.
[INFO ]2025-09-02 15:04:01 - Database connection pool has adjust the number of connection to 2
[DEBUG]2025-09-02 15:04:01 - Respond to <127.0.0.1:46308:null>, totalLen: 34, msgLen: 22, type: 3, msg: {failure
status:201
}.
[INFO ]2025-09-02 15:04:06 - Database connection pool has adjust the number of connection to 1
[INFO ]2025-09-02 15:04:09 - Database connection pool has adjust the number of connection to 2
[INFO ]2025-09-02 15:04:09 - Connection <127.0.0.1:46308:null> closed.
[INFO ]2025-09-02 15:04:09 - The new conneciton 127.0.0.1:57528.
[DEBUG]2025-09-02 15:04:09 - Got request from <127.0.0.1:57528:null>
[INFO ]2025-09-02 15:04:09 - Started processing login requests from user <127.0.0.1:57528:null>.
[DEBUG]2025-09-02 15:04:09 - Respond to <127.0.0.1:57528:null>, totalLen: 34, msgLen: 22, type: 3, msg: {failure
status:203
}.
[INFO ]2025-09-02 15:04:14 - Database connection pool has adjust the number of connection to 1
[INFO ]2025-09-02 15:04:42 - Thread pool has adjust the number of work thread to 5
[INFO ]2025-09-02 15:05:42 - Thread pool has adjust the number of work thread to 5
[INFO ]2025-09-02 15:05:50 - Database connection pool has adjust the number of connection to 2
[INFO ]2025-09-02 15:05:50 - Connection <127.0.0.1:57528:null> closed.
[INFO ]2025-09-02 15:05:50 - The new conneciton 127.0.0.1:49476.
[DEBUG]2025-09-02 15:05:50 - Got request from <127.0.0.1:49476:null>
[INFO ]2025-09-02 15:05:50 - Started processing login requests from user <127.0.0.1:49476:null>.
[DEBUG]2025-09-02 15:05:50 - Respond to <127.0.0.1:49476:11>, totalLen: 41, msgLen: 29, type: 3, msg: {success
id:11
status:100
}.
[DEBUG]2025-09-02 15:05:50 - Got request from <127.0.0.1:49476:11>
[INFO ]2025-09-02 15:05:50 - Started processing get folder content requests from user <127.0.0.1:49476:11>.
[DEBUG]2025-09-02 15:05:50 - Respond to <127.0.0.1:49476:11>, totalLen: 189, msgLen: 177, type: 16, msg: {hyfaaa|0|18446744073709551615
netdisk-master.zip|1|599614
qt-online-installer-linux-arm64-4.10.0.run.tmp|1|17394688
qt-online-installer-linux-x64-4.10.0.run.tmp|1|36654080
}.
[INFO ]2025-09-02 15:05:55 - Database connection pool has adjust the number of connection to 1
[DEBUG]2025-09-02 15:05:55 - Got request from <127.0.0.1:49476:11>
[INFO ]2025-09-02 15:05:55 - Started processing get firend list requests from user <127.0.0.1:49476:11>.
[INFO ]2025-09-02 15:05:55 - Database connection pool has adjust the number of connection to 2
[DEBUG]2025-09-02 15:05:55 - Respond to <127.0.0.1:49476:11>, totalLen: 53, msgLen: 41, type: 14, msg: {12|jzs@example.com
13|hat@example.com
}.
[DEBUG]2025-09-02 15:05:59 - Got request from <127.0.0.1:49476:11>
[INFO ]2025-09-02 15:05:59 - Started processing get folder content requests from user <127.0.0.1:49476:11>.
[DEBUG]2025-09-02 15:05:59 - Respond to <127.0.0.1:49476:11>, totalLen: 189, msgLen: 177, type: 16, msg: {hyfaaa|0|18446744073709551615
netdisk-master.zip|1|599614
qt-online-installer-linux-arm64-4.10.0.run.tmp|1|17394688
qt-online-installer-linux-x64-4.10.0.run.tmp|1|36654080
}.
[INFO ]2025-09-02 15:06:01 - Database connection pool has adjust the number of connection to 1
[INFO ]2025-09-02 15:06:42 - Thread pool has adjust the number of work thread to 5
[INFO ]2025-09-02 15:07:42 - Thread pool has adjust the number of work thread to 5
[INFO ]2025-09-02 15:08:42 - Thread pool has adjust the number of work thread to 5
[INFO ]2025-09-02 15:09:42 - Thread pool has adjust the number of work thread to 5
[INFO ]2025-09-02 15:10:42 - Thread pool has adjust the number of work thread to 5
[INFO ]2025-09-02 15:10:59 - Database connection pool has adjust the number of connection to 2
[INFO ]2025-09-02 15:10:59 - Connection <127.0.0.1:49476:11> timeout.
[INFO ]2025-09-02 15:11:04 - Database connection pool has adjust the number of connection to 1
[INFO ]2025-09-02 15:11:42 - Thread pool has adjust the number of work thread to 5
[INFO ]2025-09-02 15:12:42 - Thread pool has adjust the number of work thread to 5
[INFO ]2025-09-02 15:13:42 - Thread pool has adjust the number of work thread to 5
[INFO ]2025-09-02 15:14:42 - Thread pool has adjust the number of work thread to 5
[INFO ]2025-09-02 15:15:42 - Thread pool has adjust the number of work thread to 5
[INFO ]2025-09-02 15:16:42 - Thread pool has adjust the number of work thread to 5
[INFO ]2025-09-02 15:17:42 - Thread pool has adjust the number of work thread to 5
[INFO ]2025-09-02 15:18:42 - Thread pool has adjust the number of work thread to 5
[INFO ]2025-09-02 15:19:42 - Thread pool has adjust the number of work thread to 5
[INFO ]2025-09-02 15:20:42 - Thread pool has adjust the number of work thread to 5
[INFO ]2025-09-02 15:21:42 - Thread pool has adjust the number of work thread to 5
[INFO ]2025-09-02 15:22:42 - Thread pool has adjust the number of work thread to 5
[INFO ]2025-09-02 15:23:42 - Thread pool has adjust the number of work thread to 5
[INFO ]2025-09-02 15:24:42 - Thread pool has adjust the number of work thread to 5
[INFO ]2025-09-02 15:25:42 - Thread pool has adjust the number of work thread to 5
[INFO ]2025-09-02 15:26:42 - Thread pool has adjust the number of work thread to 5
[INFO ]2025-09-02 15:27:42 - Thread pool has adjust the number of work thread to 5
[INFO ]2025-09-02 15:28:42 - Thread pool has adjust the number of work thread to 5
[INFO ]2025-09-02 15:29:42 - Thread pool has adjust the number of work thread to 5
[INFO ]2025-09-02 15:30:42 - Thread pool has adjust the number of work thread to 5
[INFO ]2025-09-02 15:31:42 - Thread pool has adjust the number of work thread to 5
[INFO ]2025-09-02 15:32:42 - Thread pool has adjust the number of work thread to 5
[INFO ]2025-09-02 15:33:42 - Thread pool has adjust the number of work thread to 5
[INFO ]2025-09-02 15:34:42 - Thread pool has adjust the number of work thread to 5
[INFO ]2025-09-02 15:35:42 - Thread pool has adjust the number of work thread to 5
[INFO ]2025-09-02 15:36:42 - Thread pool has adjust the number of work thread to 5
[INFO ]2025-09-02 15:37:42 - Thread pool has adjust the number of work thread to 5
[INFO ]2025-09-02 15:38:42 - Thread pool has adjust the number of work thread to 5
[INFO ]2025-09-02 15:39:42 - Thread pool has adjust the number of work thread to 5
[INFO ]2025-09-02 15:40:42 - Thread pool has adjust the number of work thread to 5
[INFO ]2025-09-02 15:41:42 - Thread pool has adjust the number of work thread to 5
[INFO ]2025-09-02 15:42:42 - Thread pool has adjust the number of work thread to 5
[INFO ]2025-09-02 15:43:42 - Thread pool has adjust the number of work thread to 5
[INFO ]2025-09-02 15:44:42 - Thread pool has adjust the number of work thread to 5
[INFO ]2025-09-02 15:45:42 - Thread pool has adjust the number of work thread to 5
[INFO ]2025-09-02 15:46:42 - Thread pool has adjust the number of work thread to 5
[INFO ]2025-09-02 15:47:42 - Thread pool has adjust the number of work thread to 5
[INFO ]2025-09-02 15:48:42 - Thread pool has adjust the number of work thread to 5
[INFO ]2025-09-02 15:49:42 - Thread pool has adjust the number of work thread to 5
[INFO ]2025-09-02 15:50:42 - Thread pool has adjust the number of work thread to 5
[INFO ]2025-09-02 15:51:42 - Thread pool has adjust the number of work thread to 5
[INFO ]2025-09-02 15:52:42 - Thread pool has adjust the number of work thread to 5
[INFO ]2025-09-02 15:53:42 - Thread pool has adjust the number of work thread to 5
[INFO ]2025-09-02 15:54:42 - Thread pool has adjust the number of work thread to 5
[INFO ]2025-09-02 15:55:42 - Thread pool has adjust the number of work thread to 5
[INFO ]2025-09-02 15:56:42 - Thread pool has adjust the number of work thread to 5
[INFO ]2025-09-02 15:57:42 - Thread pool has adjust the number of work thread to 5
[INFO ]2025-09-02 15:58:42 - Thread pool has adjust the number of work thread to 5
[INFO ]2025-09-02 15:59:42 - Thread pool has adjust the number of work thread to 5
[INFO ]2025-09-02 16:00:42 - Thread pool has adjust the number of work thread to 5
[INFO ]2025-09-02 16:01:42 - Thread pool has adjust the number of work thread to 5
[INFO ]2025-09-02 16:02:42 - Thread pool has adjust the number of work thread to 5
[INFO ]2025-09-02 16:03:42 - Thread pool has adjust the number of work thread to 5
[INFO ]2025-09-02 16:04:42 - Thread pool has adjust the number of work thread to 5
[INFO ]2025-09-02 16:05:42 - Thread pool has adjust the number of work thread to 5
[INFO ]2025-09-02 16:06:42 - Thread pool has adjust the number of work thread to 5
[INFO ]2025-09-02 16:07:42 - Thread pool has adjust the number of work thread to 5
[INFO ]2025-09-02 16:08:42 - Thread pool has adjust the number of work thread to 5
[INFO ]2025-09-02 16:09:42 - Thread pool has adjust the number of work thread to 5
[INFO ]2025-09-02 16:10:42 - Thread pool has adjust the number of work thread to 5
[INFO ]2025-09-02 16:11:42 - Thread pool has adjust the number of work thread to 5
[INFO ]2025-09-02 16:12:42 - Thread pool has adjust the number of work thread to 5
[INFO ]2025-09-02 16:13:42 - Thread pool has adjust the number of work thread to 5
[INFO ]2025-09-02 16:14:42 - Thread pool has adjust the number of work thread to 5
[INFO ]2025-09-02 16:15:42 - Thread pool has adjust the number of work thread to 5
[INFO ]2025-09-02 16:16:42 - Thread pool has adjust the number of work thread to 5
[INFO ]2025-09-02 16:17:42 - Thread pool has adjust the number of work thread to 5
[INFO ]2025-09-02 16:18:42 - Thread pool has adjust the number of work thread to 5
[INFO ]2025-09-02 16:19:42 - Thread pool has adjust the number of work thread to 5
[INFO ]2025-09-02 16:20:42 - Thread pool has adjust the number of work thread to 5
[INFO ]2025-09-02 16:21:42 - Thread pool has adjust the number of work thread to 5
[INFO ]2025-09-02 16:22:42 - Thread pool has adjust the number of work thread to 5
[INFO ]2025-09-02 16:23:42 - Thread pool has adjust the number of work thread to 5
[INFO ]2025-09-02 16:24:42 - Thread pool has adjust the number of work thread to 5
[INFO ]2025-09-02 16:25:42 - Thread pool has adjust the number of work thread to 5
[INFO ]2025-09-02 16:26:42 - Thread pool has adjust the number of work thread to 5
[INFO ]2025-09-02 16:27:42 - Thread pool has adjust the number of work thread to 5
[INFO ]2025-09-02 16:28:42 - Thread pool has adjust the number of work thread to 5
[INFO ]2025-09-02 16:29:42 - Thread pool has adjust the number of work thread to 5
[INFO ]2025-09-02 16:30:42 - Thread pool has adjust the number of work thread to 5
[INFO ]2025-09-02 16:31:42 - Thread pool has adjust the number of work thread to 5
[INFO ]2025-09-02 16:32:42 - Thread pool has adjust the number of work thread to 5
[INFO ]2025-09-02 16:33:42 - Thread pool has adjust the number of work thread to 5
[INFO ]2025-09-02 16:34:42 - Thread pool has adjust the number of work thread to 5
[INFO ]2025-09-02 16:35:42 - Thread pool has adjust the number of work thread to 5
[INFO ]2025-09-02 16:36:42 - Thread pool has adjust the number of work thread to 5
[INFO ]2025-09-02 16:37:42 - Thread pool has adjust the number of work thread to 5
[INFO ]2025-09-02 16:38:42 - Thread pool has adjust the number of work thread to 5
[INFO ]2025-09-02 16:39:42 - Thread pool has adjust the number of work thread to 5
[INFO ]2025-09-02 16:40:42 - Thread pool has adjust the number of work thread to 5
[INFO ]2025-09-02 16:41:42 - Thread pool has adjust the number of work thread to 5
[INFO ]2025-09-02 16:42:42 - Thread pool has adjust the number of work thread to 5
[INFO ]2025-09-02 16:43:42 - Thread pool has adjust the number of work thread to 5
[INFO ]2025-09-02 16:44:42 - Thread pool has adjust the number of work thread to 5
[INFO ]2025-09-02 16:45:42 - Thread pool has adjust the number of work thread to 5
[INFO ]2025-09-02 16:46:42 - Thread pool has adjust the number of work thread to 5
[INFO ]2025-09-02 16:47:42 - Thread pool has adjust the number of work thread to 5
[INFO ]2025-09-02 16:48:42 - Thread pool has adjust the number of work thread to 5
[INFO ]2025-09-02 16:49:42 - Thread pool has adjust the number of work thread to 5
[INFO ]2025-09-02 16:50:42 - Thread pool has adjust the number of work thread to 5
[INFO ]2025-09-02 16:51:42 - Thread pool has adjust the number of work thread to 5
[INFO ]2025-09-02 16:52:42 - Thread pool has adjust the number of work thread to 5
[INFO ]2025-09-02 16:53:42 - Thread pool has adjust the number of work thread to 5
[INFO ]2025-09-02 16:54:42 - Thread pool has adjust the number of work thread to 5
[INFO ]2025-09-02 16:55:42 - Thread pool has adjust the number of work thread to 5
[INFO ]2025-09-02 16:56:42 - Thread pool has adjust the number of work thread to 5
[INFO ]2025-09-02 16:57:42 - Thread pool has adjust the number of work thread to 5
[INFO ]2025-09-02 16:58:42 - Thread pool has adjust the number of work thread to 5
[INFO ]2025-09-02 16:59:42 - Thread pool has adjust the number of work thread to 5
[INFO ]2025-09-02 17:00:42 - Thread pool has adjust the number of work thread to 5
[INFO ]2025-09-02 17:01:42 - Thread pool has adjust the number of work thread to 5
[INFO ]2025-09-02 17:02:42 - Thread pool has adjust the number of work thread to 5
[INFO ]2025-09-02 17:03:42 - Thread pool has adjust the number of work thread to 5
[INFO ]2025-09-02 17:04:42 - Thread pool has adjust the number of work thread to 5
[INFO ]2025-09-02 17:05:42 - Thread pool has adjust the number of work thread to 5
[INFO ]2025-09-02 17:06:42 - Thread pool has adjust the number of work thread to 5
[INFO ]2025-09-02 17:07:42 - Thread pool has adjust the number of work thread to 5
[INFO ]2025-09-02 17:08:42 - Thread pool has adjust the number of work thread to 5
[INFO ]2025-09-02 17:09:42 - Thread pool has adjust the number of work thread to 5
[INFO ]2025-09-02 17:10:42 - Thread pool has adjust the number of work thread to 5
[INFO ]2025-09-02 17:11:42 - Thread pool has adjust the number of work thread to 5
[INFO ]2025-09-02 17:12:42 - Thread pool has adjust the number of work thread to 5
[INFO ]2025-09-02 17:13:42 - Thread pool has adjust the number of work thread to 5
[INFO ]2025-09-02 17:14:42 - Thread pool has adjust the number of work thread to 5
[INFO ]2025-09-02 17:15:42 - Thread pool has adjust the number of work thread to 5
[INFO ]2025-09-02 17:16:42 - Thread pool has adjust the number of work thread to 5
[INFO ]2025-09-02 17:17:42 - Thread pool has adjust the number of work thread to 5
[INFO ]2025-09-02 17:18:42 - Thread pool has adjust the number of work thread to 5
[INFO ]2025-09-02 17:19:42 - Thread pool has adjust the number of work thread to 5
[INFO ]2025-09-02 17:20:42 - Thread pool has adjust the number of work thread to 5
[INFO ]2025-09-02 17:21:42 - Thread pool has adjust the number of work thread to 5
[INFO ]2025-09-02 17:22:42 - Thread pool has adjust the number of work thread to 5
[INFO ]2025-09-02 17:23:42 - Thread pool has adjust the number of work thread to 5
[INFO ]2025-09-02 17:24:42 - Thread pool has adjust the number of work thread to 5
[INFO ]2025-09-02 17:25:42 - Thread pool has adjust the number of work thread to 5
[INFO ]2025-09-02 17:26:42 - Thread pool has adjust the number of work thread to 5
[INFO ]2025-09-02 17:27:42 - Thread pool has adjust the number of work thread to 5
[INFO ]2025-09-02 17:28:42 - Thread pool has adjust the number of work thread to 5
[INFO ]2025-09-02 17:29:42 - Thread pool has adjust the number of work thread to 5
[INFO ]2025-09-02 17:30:42 - Thread pool has adjust the number of work thread to 5
[INFO ]2025-09-02 17:31:42 - Thread pool has adjust the number of work thread to 5
[INFO ]2025-09-02 17:32:42 - Thread pool has adjust the number of work thread to 5
[INFO ]2025-09-02 17:33:42 - Thread pool has adjust the number of work thread to 5
[INFO ]2025-09-02 17:34:42 - Thread pool has adjust the number of work thread to 5
[INFO ]2025-09-02 17:35:42 - Thread pool has adjust the number of work thread to 5
[INFO ]2025-09-02 17:36:42 - Thread pool has adjust the number of work thread to 5
[INFO ]2025-09-02 17:37:42 - Thread pool has adjust the number of work thread to 5
[INFO ]2025-09-02 17:38:42 - Thread pool has adjust the number of work thread to 5
[INFO ]2025-09-02 17:39:42 - Thread pool has adjust the number of work thread to 5
[INFO ]2025-09-02 17:40:42 - Thread pool has adjust the number of work thread to 5
[INFO ]2025-09-02 17:41:42 - Thread pool has adjust the number of work thread to 5
[INFO ]2025-09-02 17:42:42 - Thread pool has adjust the number of work thread to 5
[INFO ]2025-09-02 17:43:42 - Thread pool has adjust the number of work thread to 5
[INFO ]2025-09-02 17:44:42 - Thread pool has adjust the number of work thread to 5
[INFO ]2025-09-02 17:45:42 - Thread pool has adjust the number of work thread to 5
[INFO ]2025-09-02 17:46:42 - Thread pool has adjust the number of work thread to 5
[INFO ]2025-09-02 17:47:42 - Thread pool has adjust the number of work thread to 5
[INFO ]2025-09-02 17:48:42 - Thread pool has adjust the number of work thread to 5
[INFO ]2025-09-02 17:49:42 - Thread pool has adjust the number of work thread to 5
[INFO ]2025-09-02 17:50:42 - Thread pool has adjust the number of work thread to 5
[INFO ]2025-09-02 17:51:42 - Thread pool has adjust the number of work thread to 5
[INFO ]2025-09-02 17:52:42 - Thread pool has adjust the number of work thread to 5
[INFO ]2025-09-02 17:53:42 - Thread pool has adjust the number of work thread to 5
[INFO ]2025-09-02 17:54:42 - Thread pool has adjust the number of work thread to 5
[INFO ]2025-09-02 17:55:42 - Thread pool has adjust the number of work thread to 5
[INFO ]2025-09-02 17:56:42 - Thread pool has adjust the number of work thread to 5
[INFO ]2025-09-02 17:57:42 - Thread pool has adjust the number of work thread to 5
[INFO ]2025-09-02 17:58:42 - Thread pool has adjust the number of work thread to 5
[INFO ]2025-09-02 17:59:42 - Thread pool has adjust the number of work thread to 5
[INFO ]2025-09-02 18:00:42 - Thread pool has adjust the number of work thread to 5
[INFO ]2025-09-02 18:01:42 - Thread pool has adjust the number of work thread to 5
[INFO ]2025-09-02 18:02:42 - Thread pool has adjust the number of work thread to 5
[INFO ]2025-09-02 18:03:42 - Thread pool has adjust the number of work thread to 5
[INFO ]2025-09-02 18:04:42 - Thread pool has adjust the number of work thread to 5
[INFO ]2025-09-02 18:05:42 - Thread pool has adjust the number of work thread to 5
[INFO ]2025-09-02 18:06:42 - Thread pool has adjust the number of work thread to 5
[INFO ]2025-09-02 18:07:42 - Thread pool has adjust the number of work thread to 5
[INFO ]2025-09-02 18:08:42 - Thread pool has adjust the number of work thread to 5
[INFO ]2025-09-02 18:09:42 - Thread pool has adjust the number of work thread to 5
[INFO ]2025-09-02 18:10:42 - Thread pool has adjust the number of work thread to 5
[INFO ]2025-09-02 18:11:42 - Thread pool has adjust the number of work thread to 5
[INFO ]2025-09-02 18:12:42 - Thread pool has adjust the number of work thread to 5
[INFO ]2025-09-02 18:13:42 - Thread pool has adjust the number of work thread to 5
[INFO ]2025-09-02 18:14:42 - Thread pool has adjust the number of work thread to 5
[INFO ]2025-09-02 18:15:42 - Thread pool has adjust the number of work thread to 5
[INFO ]2025-09-02 18:16:42 - Thread pool has adjust the number of work thread to 5
[INFO ]2025-09-02 18:17:42 - Thread pool has adjust the number of work thread to 5
[INFO ]2025-09-02 18:18:42 - Thread pool has adjust the number of work thread to 5
[INFO ]2025-09-02 18:19:42 - Thread pool has adjust the number of work thread to 5
[INFO ]2025-09-02 18:20:42 - Thread pool has adjust the number of work thread to 5
[INFO ]2025-09-02 18:21:42 - Thread pool has adjust the number of work thread to 5
[INFO ]2025-09-02 18:22:42 - Thread pool has adjust the number of work thread to 5
[INFO ]2025-09-02 18:23:42 - Thread pool has adjust the number of work thread to 5
[INFO ]2025-09-02 18:24:42 - Thread pool has adjust the number of work thread to 5
[INFO ]2025-09-02 18:25:42 - Thread pool has adjust the number of work thread to 5
[INFO ]2025-09-02 18:26:42 - Thread pool has adjust the number of work thread to 5
[INFO ]2025-09-02 18:27:42 - Thread pool has adjust the number of work thread to 5
[INFO ]2025-09-02 18:28:42 - Thread pool has adjust the number of work thread to 5
[INFO ]2025-09-02 18:29:42 - Thread pool has adjust the number of work thread to 5
[INFO ]2025-09-02 18:30:42 - Thread pool has adjust the number of work thread to 5
[INFO ]2025-09-02 18:31:42 - Thread pool has adjust the number of work thread to 5
[INFO ]2025-09-02 18:32:42 - Thread pool has adjust the number of work thread to 5
[INFO ]2025-09-02 18:33:42 - Thread pool has adjust the number of work thread to 5
[INFO ]2025-09-02 18:34:42 - Thread pool has adjust the number of work thread to 5
[INFO ]2025-09-02 18:35:42 - Thread pool has adjust the number of work thread to 5
[INFO ]2025-09-02 18:36:42 - Thread pool has adjust the number of work thread to 5
[INFO ]2025-09-02 18:37:42 - Thread pool has adjust the number of work thread to 5
[INFO ]2025-09-02 18:38:42 - Thread pool has adjust the number of work thread to 5
[INFO ]2025-09-02 18:39:42 - Thread pool has adjust the number of work thread to 5
[INFO ]2025-09-02 18:40:42 - Thread pool has adjust the number of work thread to 5
[INFO ]2025-09-02 18:41:42 - Thread pool has adjust the number of work thread to 5
[INFO ]2025-09-02 18:42:42 - Thread pool has adjust the number of work thread to 5
[INFO ]2025-09-02 18:43:42 - Thread pool has adjust the number of work thread to 5
[INFO ]2025-09-02 18:44:42 - Thread pool has adjust the number of work thread to 5
[INFO ]2025-09-02 18:45:42 - Thread pool has adjust the number of work thread to 5
[INFO ]2025-09-02 18:46:42 - Thread pool has adjust the number of work thread to 5
[INFO ]2025-09-02 18:47:42 - Thread pool has adjust the number of work thread to 5
[INFO ]2025-09-02 18:48:42 - Thread pool has adjust the number of work thread to 5
[INFO ]2025-09-02 18:49:42 - Thread pool has adjust the number of work thread to 5
[INFO ]2025-09-02 18:50:42 - Thread pool has adjust the number of work thread to 5
[INFO ]2025-09-02 18:51:42 - Thread pool has adjust the number of work thread to 5
[INFO ]2025-09-02 18:52:42 - Thread pool has adjust the number of work thread to 5
[INFO ]2025-09-02 18:53:42 - Thread pool has adjust the number of work thread to 5
[INFO ]2025-09-02 18:54:42 - Thread pool has adjust the number of work thread to 5
[INFO ]2025-09-02 18:55:42 - Thread pool has adjust the number of work thread to 5
[INFO ]2025-09-02 18:56:42 - Thread pool has adjust the number of work thread to 5
[INFO ]2025-09-02 18:57:42 - Thread pool has adjust the number of work thread to 5
[INFO ]2025-09-02 18:58:42 - Thread pool has adjust the number of work thread to 5
[INFO ]2025-09-02 18:59:42 - Thread pool has adjust the number of work thread to 5
[INFO ]2025-09-02 19:00:42 - Thread pool has adjust the number of work thread to 5
[INFO ]2025-09-02 19:01:42 - Thread pool has adjust the number of work thread to 5
[INFO ]2025-09-02 19:02:42 - Thread pool has adjust the number of work thread to 5
[INFO ]2025-09-02 19:03:42 - Thread pool has adjust the number of work thread to 5
[INFO ]2025-09-02 19:04:42 - Thread pool has adjust the number of work thread to 5
[INFO ]2025-09-02 19:05:42 - Thread pool has adjust the number of work thread to 5
[INFO ]2025-09-02 19:06:42 - Thread pool has adjust the number of work thread to 5
[INFO ]2025-09-02 19:07:42 - Thread pool has adjust the number of work thread to 5
[INFO ]2025-09-02 19:08:42 - Thread pool has adjust the number of work thread to 5
[INFO ]2025-09-02 19:09:42 - Thread pool has adjust the number of work thread to 5
[INFO ]2025-09-02 19:10:42 - Thread pool has adjust the number of work thread to 5
[INFO ]2025-09-02 19:11:42 - Thread pool has adjust the number of work thread to 5
[INFO ]2025-09-02 19:12:42 - Thread pool has adjust the number of work thread to 5
[INFO ]2025-09-02 19:13:42 - Thread pool has adjust the number of work thread to 5
[INFO ]2025-09-02 19:14:42 - Thread pool has adjust the number of work thread to 5
[INFO ]2025-09-02 19:15:42 - Thread pool has adjust the number of work thread to 5
[INFO ]2025-09-02 19:16:42 - Thread pool has adjust the number of work thread to 5
[INFO ]2025-09-02 19:17:42 - Thread pool has adjust the number of work thread to 5
[INFO ]2025-09-02 19:18:42 - Thread pool has adjust the number of work thread to 5
[INFO ]2025-09-02 19:19:42 - Thread pool has adjust the number of work thread to 5
[INFO ]2025-09-02 19:20:42 - Thread pool has adjust the number of work thread to 5
[INFO ]2025-09-02 19:21:42 - Thread pool has adjust the number of work thread to 5
[INFO ]2025-09-02 19:22:42 - Thread pool has adjust the number of work thread to 5
[INFO ]2025-09-02 19:23:42 - Thread pool has adjust the number of work thread to 5
[INFO ]2025-09-02 19:24:42 - Thread pool has adjust the number of work thread to 5
[INFO ]2025-09-02 19:25:42 - Thread pool has adjust the number of work thread to 5
[INFO ]2025-09-02 19:26:42 - Thread pool has adjust the number of work thread to 5
[INFO ]2025-09-02 19:27:42 - Thread pool has adjust the number of work thread to 5
[INFO ]2025-09-02 19:28:42 - Thread pool has adjust the number of work thread to 5
[INFO ]2025-09-02 19:29:42 - Thread pool has adjust the number of work thread to 5
[INFO ]2025-09-02 19:30:42 - Thread pool has adjust the number of work thread to 5
[INFO ]2025-09-02 19:31:42 - Thread pool has adjust the number of work thread to 5
[INFO ]2025-09-02 19:32:42 - Thread pool has adjust the number of work thread to 5
[INFO ]2025-09-02 19:33:42 - Thread pool has adjust the number of work thread to 5
[INFO ]2025-09-02 19:34:42 - Thread pool has adjust the number of work thread to 5
[INFO ]2025-09-02 19:35:42 - Thread pool has adjust the number of work thread to 5
[INFO ]2025-09-02 19:36:42 - Thread pool has adjust the number of work thread to 5
[INFO ]2025-09-02 19:37:42 - Thread pool has adjust the number of work thread to 5
[INFO ]2025-09-02 19:38:42 - Thread pool has adjust the number of work thread to 5
[INFO ]2025-09-02 19:39:42 - Thread pool has adjust the number of work thread to 5
[INFO ]2025-09-02 19:40:42 - Thread pool has adjust the number of work thread to 5
[INFO ]2025-09-02 19:41:42 - Thread pool has adjust the number of work thread to 5
[INFO ]2025-09-02 19:42:42 - Thread pool has adjust the number of work thread to 5
[INFO ]2025-09-02 19:43:42 - Thread pool has adjust the number of work thread to 5
[INFO ]2025-09-02 19:44:42 - Thread pool has adjust the number of work thread to 5
[INFO ]2025-09-02 19:45:42 - Thread pool has adjust the number of work thread to 5
[INFO ]2025-09-02 19:46:42 - Thread pool has adjust the number of work thread to 5
[INFO ]2025-09-02 19:47:42 - Thread pool has adjust the number of work thread to 5
[INFO ]2025-09-02 19:48:42 - Thread pool has adjust the number of work thread to 5
[INFO ]2025-09-02 19:49:42 - Thread pool has adjust the number of work thread to 5
[INFO ]2025-09-02 19:50:42 - Thread pool has adjust the number of work thread to 5
[INFO ]2025-09-02 19:51:42 - Thread pool has adjust the number of work thread to 5
[INFO ]2025-09-02 19:52:42 - Thread pool has adjust the number of work thread to 5
[INFO ]2025-09-02 19:53:42 - Thread pool has adjust the number of work thread to 5
[INFO ]2025-09-02 19:54:42 - Thread pool has adjust the number of work thread to 5
[INFO ]2025-09-02 19:55:42 - Thread pool has adjust the number of work thread to 5
[INFO ]2025-09-02 19:56:42 - Thread pool has adjust the number of work thread to 5
[INFO ]2025-09-02 19:57:42 - Thread pool has adjust the number of work thread to 5
[INFO ]2025-09-02 19:58:42 - Thread pool has adjust the number of work thread to 5
[INFO ]2025-09-02 19:59:42 - Thread pool has adjust the number of work thread to 5
[INFO ]2025-09-02 20:00:42 - Thread pool has adjust the number of work thread to 5
[INFO ]2025-09-02 20:01:42 - Thread pool has adjust the number of work thread to 5
[INFO ]2025-09-02 20:02:42 - Thread pool has adjust the number of work thread to 5
[INFO ]2025-09-02 20:03:42 - Thread pool has adjust the number of work thread to 5
[INFO ]2025-09-02 20:04:42 - Thread pool has adjust the number of work thread to 5
[INFO ]2025-09-02 20:05:42 - Thread pool has adjust the number of work thread to 5
[INFO ]2025-09-02 20:06:42 - Thread pool has adjust the number of work thread to 5
[INFO ]2025-09-02 20:07:42 - Thread pool has adjust the number of work thread to 5
[INFO ]2025-09-02 20:08:42 - Thread pool has adjust the number of work thread to 5
[INFO ]2025-09-02 20:09:42 - Thread pool has adjust the number of work thread to 5
[INFO ]2025-09-02 20:10:42 - Thread pool has adjust the number of work thread to 5
[INFO ]2025-09-02 20:11:42 - Thread pool has adjust the number of work thread to 5
[INFO ]2025-09-02 20:12:42 - Thread pool has adjust the number of work thread to 5
[INFO ]2025-09-02 20:13:42 - Thread pool has adjust the number of work thread to 5
[INFO ]2025-09-02 20:14:42 - Thread pool has adjust the number of work thread to 5
[INFO ]2025-09-02 20:15:42 - Thread pool has adjust the number of work thread to 5
[INFO ]2025-09-02 20:16:42 - Thread pool has adjust the number of work thread to 5
[INFO ]2025-09-02 20:17:42 - Thread pool has adjust the number of work thread to 5
[INFO ]2025-09-02 20:18:42 - Thread pool has adjust the number of work thread to 5
[INFO ]2025-09-02 20:19:42 - Thread pool has adjust the number of work thread to 5
[INFO ]2025-09-02 20:20:42 - Thread pool has adjust the number of work thread to 5
[INFO ]2025-09-02 20:21:42 - Thread pool has adjust the number of work thread to 5
[INFO ]2025-09-02 20:22:42 - Thread pool has adjust the number of work thread to 5
[INFO ]2025-09-02 20:23:42 - Thread pool has adjust the number of work thread to 5
[INFO ]2025-09-02 20:24:42 - Thread pool has adjust the number of work thread to 5
[INFO ]2025-09-02 20:25:42 - Thread pool has adjust the number of work thread to 5
[INFO ]2025-09-02 20:26:42 - Thread pool has adjust the number of work thread to 5
[INFO ]2025-09-02 20:27:42 - Thread pool has adjust the number of work thread to 5
[INFO ]2025-09-02 20:28:42 - Thread pool has adjust the number of work thread to 5
[INFO ]2025-09-02 20:29:42 - Thread pool has adjust the number of work thread to 5
[INFO ]2025-09-02 20:30:42 - Thread pool has adjust the number of work thread to 5
[INFO ]2025-09-02 20:31:42 - Thread pool has adjust the number of work thread to 5
[INFO ]2025-09-02 20:32:42 - Thread pool has adjust the number of work thread to 5
[INFO ]2025-09-02 20:33:42 - Thread pool has adjust the number of work thread to 5
[INFO ]2025-09-02 20:34:42 - Thread pool has adjust the number of work thread to 5
[INFO ]2025-09-02 20:35:42 - Thread pool has adjust the number of work thread to 5
[INFO ]2025-09-02 20:36:42 - Thread pool has adjust the number of work thread to 5
[INFO ]2025-09-02 20:37:42 - Thread pool has adjust the number of work thread to 5
[INFO ]2025-09-02 20:38:42 - Thread pool has adjust the number of work thread to 5
[INFO ]2025-09-02 20:39:42 - Thread pool has adjust the number of work thread to 5
[INFO ]2025-09-02 20:40:42 - Thread pool has adjust the number of work thread to 5
[INFO ]2025-09-02 20:41:42 - Thread pool has adjust the number of work thread to 5
[INFO ]2025-09-02 20:42:42 - Thread pool has adjust the number of work thread to 5
[INFO ]2025-09-02 20:43:42 - Thread pool has adjust the number of work thread to 5
[INFO ]2025-09-02 20:44:42 - Thread pool has adjust the number of work thread to 5
[INFO ]2025-09-02 20:45:42 - Thread pool has adjust the number of work thread to 5
[INFO ]2025-09-02 20:46:42 - Thread pool has adjust the number of work thread to 5
[INFO ]2025-09-02 20:47:42 - Thread pool has adjust the number of work thread to 5
[INFO ]2025-09-02 20:48:42 - Thread pool has adjust the number of work thread to 5
[INFO ]2025-09-02 20:49:42 - Thread pool has adjust the number of work thread to 5
[INFO ]2025-09-02 20:50:42 - Thread pool has adjust the number of work thread to 5
[INFO ]2025-09-02 20:51:42 - Thread pool has adjust the number of work thread to 5
[INFO ]2025-09-02 20:52:42 - Thread pool has adjust the number of work thread to 5
[INFO ]2025-09-02 20:53:42 - Thread pool has adjust the number of work thread to 5
[INFO ]2025-09-02 20:54:42 - Thread pool has adjust the number of work thread to 5
[INFO ]2025-09-02 20:55:42 - Thread pool has adjust the number of work thread to 5
[INFO ]2025-09-02 20:56:42 - Thread pool has adjust the number of work thread to 5
[INFO ]2025-09-02 20:57:42 - Thread pool has adjust the number of work thread to 5
[INFO ]2025-09-02 20:58:42 - Thread pool has adjust the number of work thread to 5
[INFO ]2025-09-02 20:59:42 - Thread pool has adjust the number of work thread to 5
[INFO ]2025-09-02 21:00:42 - Thread pool has adjust the number of work thread to 5
[INFO ]2025-09-02 21:01:42 - Thread pool has adjust the number of work thread to 5
[INFO ]2025-09-02 21:02:42 - Thread pool has adjust the number of work thread to 5
[INFO ]2025-09-02 21:03:42 - Thread pool has adjust the number of work thread to 5
[INFO ]2025-09-02 21:04:42 - Thread pool has adjust the number of work thread to 5
[INFO ]2025-09-02 21:05:42 - Thread pool has adjust the number of work thread to 5
[INFO ]2025-09-02 21:06:42 - Thread pool has adjust the number of work thread to 5
[INFO ]2025-09-02 21:07:42 - Thread pool has adjust the number of work thread to 5
[INFO ]2025-09-02 21:08:42 - Thread pool has adjust the number of work thread to 5
[INFO ]2025-09-02 21:09:42 - Thread pool has adjust the number of work thread to 5
[INFO ]2025-09-02 21:10:42 - Thread pool has adjust the number of work thread to 5
[INFO ]2025-09-02 21:11:42 - Thread pool has adjust the number of work thread to 5
[INFO ]2025-09-02 21:12:42 - Thread pool has adjust the number of work thread to 5
[INFO ]2025-09-02 21:13:42 - Thread pool has adjust the number of work thread to 5
[INFO ]2025-09-02 21:14:42 - Thread pool has adjust the number of work thread to 5
[INFO ]2025-09-02 21:15:42 - Thread pool has adjust the number of work thread to 5
[INFO ]2025-09-02 21:16:42 - Thread pool has adjust the number of work thread to 5
[INFO ]2025-09-02 21:17:42 - Thread pool has adjust the number of work thread to 5
[INFO ]2025-09-02 21:18:42 - Thread pool has adjust the number of work thread to 5
[INFO ]2025-09-02 21:19:42 - Thread pool has adjust the number of work thread to 5
[INFO ]2025-09-02 21:20:42 - Thread pool has adjust the number of work thread to 5
[INFO ]2025-09-02 21:21:42 - Thread pool has adjust the number of work thread to 5
[INFO ]2025-09-02 21:22:42 - Thread pool has adjust the number of work thread to 5
[INFO ]2025-09-02 21:23:42 - Thread pool has adjust the number of work thread to 5
[INFO ]2025-09-02 21:24:42 - Thread pool has adjust the number of work thread to 5
[INFO ]2025-09-02 21:25:42 - Thread pool has adjust the number of work thread to 5
[INFO ]2025-09-02 21:26:42 - Thread pool has adjust the number of work thread to 5
[INFO ]2025-09-02 21:27:42 - Thread pool has adjust the number of work thread to 5
[INFO ]2025-09-02 21:28:42 - Thread pool has adjust the number of work thread to 5
[INFO ]2025-09-02 21:29:42 - Thread pool has adjust the number of work thread to 5
[INFO ]2025-09-02 21:30:42 - Thread pool has adjust the number of work thread to 5
[INFO ]2025-09-02 21:31:42 - Thread pool has adjust the number of work thread to 5
[INFO ]2025-09-02 21:32:42 - Thread pool has adjust the number of work thread to 5
[INFO ]2025-09-02 21:33:42 - Thread pool has adjust the number of work thread to 5
[INFO ]2025-09-02 21:34:42 - Thread pool has adjust the number of work thread to 5
[INFO ]2025-09-02 21:35:42 - Thread pool has adjust the number of work thread to 5
[INFO ]2025-09-02 21:36:42 - Thread pool has adjust the number of work thread to 5
[INFO ]2025-09-02 21:37:42 - Thread pool has adjust the number of work thread to 5
[INFO ]2025-09-02 21:38:42 - Thread pool has adjust the number of work thread to 5
[INFO ]2025-09-02 21:39:42 - Thread pool has adjust the number of work thread to 5
[INFO ]2025-09-02 21:40:42 - Thread pool has adjust the number of work thread to 5
[INFO ]2025-09-02 21:41:42 - Thread pool has adjust the number of work thread to 5
[INFO ]2025-09-02 21:42:42 - Thread pool has adjust the number of work thread to 5
[INFO ]2025-09-02 22:18:31 - Thread pool has adjust the number of work thread to 5
[INFO ]2025-09-02 22:19:31 - Thread pool has adjust the number of work thread to 5
[INFO ]2025-09-02 22:20:31 - Thread pool has adjust the number of work thread to 5
[INFO ]2025-09-02 22:21:31 - Thread pool has adjust the number of work thread to 5
[INFO ]2025-09-02 22:22:31 - Thread pool has adjust the number of work thread to 5
[INFO ]2025-09-02 22:23:31 - Thread pool has adjust the number of work thread to 5
[INFO ]2025-09-02 22:24:31 - Thread pool has adjust the number of work thread to 5
[INFO ]2025-09-02 22:25:31 - Thread pool has adjust the number of work thread to 5
[INFO ]2025-09-02 22:26:31 - Thread pool has adjust the number of work thread to 5
[INFO ]2025-09-02 22:27:31 - Thread pool has adjust the number of work thread to 5
[INFO ]2025-09-02 22:28:31 - Thread pool has adjust the number of work thread to 5
[INFO ]2025-09-02 22:29:31 - Thread pool has adjust the number of work thread to 5
[INFO ]2025-09-02 22:30:31 - Thread pool has adjust the number of work thread to 5
[INFO ]2025-09-02 22:31:31 - Thread pool has adjust the number of work thread to 5
[INFO ]2025-09-02 22:32:31 - Thread pool has adjust the number of work thread to 5
[INFO ]2025-09-02 22:33:31 - Thread pool has adjust the number of work thread to 5
[INFO ]2025-09-02 22:34:31 - Thread pool has adjust the number of work thread to 5
[INFO ]2025-09-02 22:35:31 - Thread pool has adjust the number of work thread to 5
[INFO ]2025-09-02 22:36:31 - Thread pool has adjust the number of work thread to 5
[INFO ]2025-09-02 22:37:31 - Thread pool has adjust the number of work thread to 5
[INFO ]2025-09-02 22:38:31 - Thread pool has adjust the number of work thread to 5
[INFO ]2025-09-02 22:39:31 - Thread pool has adjust the number of work thread to 5
[INFO ]2025-09-02 22:40:31 - Thread pool has adjust the number of work thread to 5
[INFO ]2025-09-02 22:41:31 - Thread pool has adjust the number of work thread to 5
[INFO ]2025-09-02 22:42:31 - Thread pool has adjust the number of work thread to 5
[INFO ]2025-09-02 22:43:31 - Thread pool has adjust the number of work thread to 5
[INFO ]2025-09-02 22:44:31 - Thread pool has adjust the number of work thread to 5
[INFO ]2025-09-02 22:45:31 - Thread pool has adjust the number of work thread to 5
[INFO ]2025-09-02 22:46:31 - Thread pool has adjust the number of work thread to 5
[INFO ]2025-09-02 22:47:31 - Thread pool has adjust the number of work thread to 5
[INFO ]2025-09-02 22:48:31 - Thread pool has adjust the number of work thread to 5
[INFO ]2025-09-02 22:49:31 - Thread pool has adjust the number of work thread to 5
[INFO ]2025-09-02 22:50:31 - Thread pool has adjust the number of work thread to 5
[INFO ]2025-09-02 22:51:31 - Thread pool has adjust the number of work thread to 5
[INFO ]2025-09-02 22:52:31 - Thread pool has adjust the number of work thread to 5
[INFO ]2025-09-02 22:53:31 - Thread pool has adjust the number of work thread to 5
[INFO ]2025-09-02 22:54:31 - Thread pool has adjust the number of work thread to 5
[INFO ]2025-09-02 22:55:31 - Thread pool has adjust the number of work thread to 5
[INFO ]2025-09-02 22:56:31 - Thread pool has adjust the number of work thread to 5
[INFO ]2025-09-02 22:57:31 - Thread pool has adjust the number of work thread to 5
[INFO ]2025-09-02 22:58:31 - Thread pool has adjust the number of work thread to 5
[INFO ]2025-09-02 22:59:31 - Thread pool has adjust the number of work thread to 5
[INFO ]2025-09-02 23:00:31 - Thread pool has adjust the number of work thread to 5
[INFO ]2025-09-02 23:01:31 - Thread pool has adjust the number of work thread to 5
[INFO ]2025-09-02 23:02:31 - Thread pool has adjust the number of work thread to 5
[INFO ]2025-09-02 23:03:31 - Thread pool has adjust the number of work thread to 5
[INFO ]2025-09-02 23:04:31 - Thread pool has adjust the number of work thread to 5
[INFO ]2025-09-02 23:05:31 - Thread pool has adjust the number of work thread to 5
[INFO ]2025-09-02 23:06:31 - Thread pool has adjust the number of work thread to 5
[INFO ]2025-09-02 23:07:31 - Thread pool has adjust the number of work thread to 5
[INFO ]2025-09-02 23:08:31 - Thread pool has adjust the number of work thread to 5
[INFO ]2025-09-02 23:09:31 - Thread pool has adjust the number of work thread to 5
[INFO ]2025-09-02 23:10:31 - Thread pool has adjust the number of work thread to 5
[INFO ]2025-09-02 23:11:31 - Thread pool has adjust the number of work thread to 5
[INFO ]2025-09-02 23:12:31 - Thread pool has adjust the number of work thread to 5
[INFO ]2025-09-02 23:13:31 - Thread pool has adjust the number of work thread to 5
